<?xml version="1.0" encoding="UTF-8"?>
<testsuite name="DefinitionTest" tests="4" skipped="0" failures="0" errors="0" timestamp="2015-08-23T21:40:13" hostname="Admins-MacBook-Pro.local" time="0.007">
  <properties/>
  <testcase name="definition_instantiatesCorrectly_true" classname="DefinitionTest" time="0.001"/>
  <testcase name="clear_removesAllInstancesFromMemory" classname="DefinitionTest" time="0.001"/>
  <testcase name="find_returnsDefinitionWithSameId" classname="DefinitionTest" time="0.0"/>
  <testcase name="definition_returnsDefinition_givesDescription" classname="DefinitionTest" time="0.001"/>
  <system-out><![CDATA[]]></system-out>
  <system-err><![CDATA[]]></system-err>
</testsuite>
