<?xml version="1.0" encoding="UTF-8"?>
<testsuite name="WordTest" tests="7" skipped="0" failures="0" errors="0" timestamp="2015-08-24T00:05:52" hostname="Admins-MacBook-Pro.local" time="0.007">
  <properties/>
  <testcase name="clear_removesAllWordInstancesFromMemory" classname="WordTest" time="0.0"/>
  <testcase name="word_instantiatesWithName_givesName" classname="WordTest" time="0.0"/>
  <testcase name="find_returnsWordWithSameId" classname="WordTest" time="0.0"/>
  <testcase name="getDefinitions_initiallyReturnsEmptyArrayList" classname="WordTest" time="0.0"/>
  <testcase name="all_returnsAllInstancesOfWord_true" classname="WordTest" time="0.001"/>
  <testcase name="word_instantiatesCorrectly_true" classname="WordTest" time="0.0"/>
  <testcase name="addDefinition_addsDefinitionToList" classname="WordTest" time="0.001"/>
  <system-out><![CDATA[]]></system-out>
  <system-err><![CDATA[]]></system-err>
</testsuite>
