<?xml version="1.0" encoding="UTF-8"?>
<testsuite name="WordTest" tests="2" skipped="0" failures="0" errors="0" timestamp="2015-08-23T21:40:13" hostname="Admins-MacBook-Pro.local" time="0.003">
  <properties/>
  <testcase name="word_instantiatesWithName_givesName" classname="WordTest" time="0.001"/>
  <testcase name="word_instantiatesCorrectly_true" classname="WordTest" time="0.0"/>
  <system-out><![CDATA[]]></system-out>
  <system-err><![CDATA[]]></system-err>
</testsuite>
